<?xml version="1.0" encoding="UTF-8"?>
<!-- Generated by org.testng.reporters.JUnitXMLReporter -->
<testsuite hostname="Kiran-PC" ignored="0" name="Default test" tests="29" failures="0" timestamp="27 May 2020 12:14:17 GMT" time="169.181" errors="0">
  <testcase name="Open_Browser" time="9.331" classname="VF_Quote_Creation_And_Response.LTL_TW_Quote_Seller_Response_Ranking_Basis_Per_Del"/>
  <testcase name="Seller_Login" time="20.236" classname="VF_Quote_Creation_And_Response.LTL_TW_Quote_Seller_Response_Ranking_Basis_Per_Del"/>
  <testcase name="verify_Seller_login" time="2.807" classname="VF_Quote_Creation_And_Response.LTL_TW_Quote_Seller_Response_Ranking_Basis_Per_Del"/>
  <testcase name="Navigate_to_Review_Quote" time="38.145" classname="VF_Quote_Creation_And_Response.LTL_TW_Quote_Seller_Response_Ranking_Basis_Per_Del"/>
  <testcase name="Seller_New_Quote_Search" time="14.589" classname="VF_Quote_Creation_And_Response.LTL_TW_Quote_Seller_Response_Ranking_Basis_Per_Del"/>
  <testcase name="Verify_Quote_status_as_NEW" time="0.099" classname="VF_Quote_Creation_And_Response.LTL_TW_Quote_Seller_Response_Ranking_Basis_Per_Del"/>
  <testcase name="Enter_Delivery_Flat_Fee_And_freight_$_per_gal_in_Quick_response_grid" time="1.174" classname="VF_Quote_Creation_And_Response.LTL_TW_Quote_Seller_Response_Ranking_Basis_Per_Del"/>
  <testcase name="Verify_Quote_status_as_HoldAsDraft" time="0.13" classname="VF_Quote_Creation_And_Response.LTL_TW_Quote_Seller_Response_Ranking_Basis_Per_Del"/>
  <testcase name="Enter_valid_Margin_$_Per_Gal" time="0.948" classname="VF_Quote_Creation_And_Response.LTL_TW_Quote_Seller_Response_Ranking_Basis_Per_Del"/>
  <testcase name="Select_OPIS_State_And_City" time="10.225" classname="VF_Quote_Creation_And_Response.LTL_TW_Quote_Seller_Response_Ranking_Basis_Per_Del"/>
  <testcase name="Set_Product_Category_Values" time="1.338" classname="VF_Quote_Creation_And_Response.LTL_TW_Quote_Seller_Response_Ranking_Basis_Per_Del"/>
  <testcase name="Save_Response_in_Quick_Response" time="4.297" classname="VF_Quote_Creation_And_Response.LTL_TW_Quote_Seller_Response_Ranking_Basis_Per_Del"/>
  <testcase name="Verify_Quote_status_as_ReadytoSubmit" time="0.089" classname="VF_Quote_Creation_And_Response.LTL_TW_Quote_Seller_Response_Ranking_Basis_Per_Del"/>
  <testcase name="Verify_Delivery_Flat_Fee_for_Seller_Freight_Rates_In_TandC" time="8.515" classname="VF_Quote_Creation_And_Response.LTL_TW_Quote_Seller_Response_Ranking_Basis_Per_Del"/>
  <testcase name="Verify_Freight_And_Margin_$_Per_Gallon_for_Seller_Freight_Rates_In_TandC" time="0.238" classname="VF_Quote_Creation_And_Response.LTL_TW_Quote_Seller_Response_Ranking_Basis_Per_Del"/>
  <testcase name="Retrieve_$_Per_Del_Values_From_TandC" time="0.762" classname="VF_Quote_Creation_And_Response.LTL_TW_Quote_Seller_Response_Ranking_Basis_Per_Del"/>
  <testcase name="Retrieve_$_Per_Gal_Values_From_TandC" time="0.789" classname="VF_Quote_Creation_And_Response.LTL_TW_Quote_Seller_Response_Ranking_Basis_Per_Del"/>
  <testcase name="Retrieve_$_Per_Period_Values_From_TandC" time="0.466" classname="VF_Quote_Creation_And_Response.LTL_TW_Quote_Seller_Response_Ranking_Basis_Per_Del"/>
  <testcase name="Verify_Delivery_Flat_Fee_for_Seller_Freight_Rates_In_Workbench" time="3.11" classname="VF_Quote_Creation_And_Response.LTL_TW_Quote_Seller_Response_Ranking_Basis_Per_Del"/>
  <testcase name="Verify_Freight_And_Margin_$_Per_Gallon_for_Seller_Freight_Rates_In_Workbench" time="0.237" classname="VF_Quote_Creation_And_Response.LTL_TW_Quote_Seller_Response_Ranking_Basis_Per_Del"/>
  <testcase name="Verify_$_Per_Del_Values_in_Workbench" time="0.256" classname="VF_Quote_Creation_And_Response.LTL_TW_Quote_Seller_Response_Ranking_Basis_Per_Del"/>
  <testcase name="Verify_$_Per_Gal_Values_in_Workbench" time="0.28" classname="VF_Quote_Creation_And_Response.LTL_TW_Quote_Seller_Response_Ranking_Basis_Per_Del"/>
  <testcase name="Verify_$_Per_Period_Values_in_Workbench" time="0.233" classname="VF_Quote_Creation_And_Response.LTL_TW_Quote_Seller_Response_Ranking_Basis_Per_Del"/>
  <testcase name="check_Publish_To_Buyer_Calculator" time="0.138" classname="VF_Quote_Creation_And_Response.LTL_TW_Quote_Seller_Response_Ranking_Basis_Per_Del"/>
  <testcase name="Get_Values_from_Buyer_Calculator" time="1.584" classname="VF_Quote_Creation_And_Response.LTL_TW_Quote_Seller_Response_Ranking_Basis_Per_Del"/>
  <testcase name="Verify_finaltotal_and_RankingBasis_Values" time="11.72" classname="VF_Quote_Creation_And_Response.LTL_TW_Quote_Seller_Response_Ranking_Basis_Per_Del"/>
  <testcase name="Submit_response" time="6.679" classname="VF_Quote_Creation_And_Response.LTL_TW_Quote_Seller_Response_Ranking_Basis_Per_Del"/>
  <testcase name="verify_Submitted_quote_in_Active" time="24.91" classname="VF_Quote_Creation_And_Response.LTL_TW_Quote_Seller_Response_Ranking_Basis_Per_Del"/>
  <testcase name="Logout_seller" time="1.845" classname="VF_Quote_Creation_And_Response.LTL_TW_Quote_Seller_Response_Ranking_Basis_Per_Del"/>
</testsuite> <!-- Default test -->
