<?xml version="1.0" encoding="UTF-8"?>
<!-- Generated by org.testng.reporters.JUnitXMLReporter -->
<testsuite hostname="KODECORP" ignored="0" name="Regression suite 1" tests="2" failures="0" timestamp="01 May 2020 14:31:38 GMT" time="27.204" errors="0">
  <testcase name="Open_Browser" time="14.323" classname="VF_Quote_Creation_And_Response.FTL_Quote_Creation_Buyer"/>
  <testcase name="Browser" time="12.833" classname="VF_Quote_Creation_And_Response.FTL_Quote_Seller_Response"/>
</testsuite> <!-- Regression suite 1 -->
