<?xml version="1.0" encoding="UTF-8"?>
<!-- Generated by org.testng.reporters.JUnitXMLReporter -->
<testsuite hostname="KODECORP" ignored="0" name="Test" tests="2" failures="0" timestamp="01 May 2020 14:58:55 GMT" time="66.32" errors="0">
  <testcase name="Open_Browser" time="30.722" classname="VF_Quote_Creation_And_Response.FTL_Quote_Creation_Buyer"/>
  <testcase name="Open_Browser" time="35.562" classname="VF_Quote_Creation_And_Response.FTL_Quote_Seller_Response"/>
</testsuite> <!-- Test -->
