<?xml version="1.0" encoding="UTF-8"?>
<!-- Generated by org.testng.reporters.JUnitXMLReporter -->
<testsuite hostname="Kiran-PC" ignored="0" name="Buyer LTL Freight Only Quote Creation for $/Periodl" tests="14" failures="0" timestamp="25 May 2020 06:35:27 GMT" time="200.818" errors="0">
  <testcase name="Browser" time="37.82" classname="VF_Quote_Creation_And_Response.LTL_Quote_Creation_Buyer_Ranking_Basis_Per_Period"/>
  <testcase name="Buyer_Login" time="16.333" classname="VF_Quote_Creation_And_Response.LTL_Quote_Creation_Buyer_Ranking_Basis_Per_Period"/>
  <testcase name="verify_buyer_login" time="0.703" classname="VF_Quote_Creation_And_Response.LTL_Quote_Creation_Buyer_Ranking_Basis_Per_Period"/>
  <testcase name="Navigate_to_Create_Or_View_Page" time="5.607" classname="VF_Quote_Creation_And_Response.LTL_Quote_Creation_Buyer_Ranking_Basis_Per_Period"/>
  <testcase name="Enter_Details_In_Create_Quote" time="6.701" classname="VF_Quote_Creation_And_Response.LTL_Quote_Creation_Buyer_Ranking_Basis_Per_Period"/>
  <testcase name="Select_Division_And_Delivery_Location" time="7.95" classname="VF_Quote_Creation_And_Response.LTL_Quote_Creation_Buyer_Ranking_Basis_Per_Period"/>
  <testcase name="Open_Modify" time="11.959" classname="VF_Quote_Creation_And_Response.LTL_Quote_Creation_Buyer_Ranking_Basis_Per_Period"/>
  <testcase name="Enter_Details_In_Tand" time="49.696" classname="VF_Quote_Creation_And_Response.LTL_Quote_Creation_Buyer_Ranking_Basis_Per_Period"/>
  <testcase name="Select_Payment_and_Service_Schedule_Pattern_in_TandC" time="8.711" classname="VF_Quote_Creation_And_Response.LTL_Quote_Creation_Buyer_Ranking_Basis_Per_Period"/>
  <testcase name="Quote_Save_As_Draft" time="8.15" classname="VF_Quote_Creation_And_Response.LTL_Quote_Creation_Buyer_Ranking_Basis_Per_Period"/>
  <testcase name="Select_Sellers_for_Draft_Quote" time="19.598" classname="VF_Quote_Creation_And_Response.LTL_Quote_Creation_Buyer_Ranking_Basis_Per_Period"/>
  <testcase name="Save_And_Send_Draft_Quote" time="9.55" classname="VF_Quote_Creation_And_Response.LTL_Quote_Creation_Buyer_Ranking_Basis_Per_Period"/>
  <testcase name="Verify_Save_And_Send_Quote_in_Active_tab" time="6.283" classname="VF_Quote_Creation_And_Response.LTL_Quote_Creation_Buyer_Ranking_Basis_Per_Period"/>
  <testcase name="Logout_Buyer" time="3.996" classname="VF_Quote_Creation_And_Response.LTL_Quote_Creation_Buyer_Ranking_Basis_Per_Period"/>
</testsuite> <!-- Buyer LTL Freight Only Quote Creation for $/Periodl -->
