<?xml version="1.0" encoding="UTF-8"?>
<!-- Generated by org.testng.reporters.JUnitXMLReporter -->
<testsuite hostname="Kiran-PC" ignored="0" name="Buyer LTL Mobile Fueling Seller Respone for $/Del" tests="29" failures="0" timestamp="26 May 2020 05:47:50 GMT" time="120.907" errors="0">
  <testcase name="Open_Browser" time="8.22" classname="VF_Quote_Creation_And_Response.LTL_Quote_Seller_Response_Ranking_Basis_Per_Del"/>
  <testcase name="Seller_Login" time="11.97" classname="VF_Quote_Creation_And_Response.LTL_Quote_Seller_Response_Ranking_Basis_Per_Del"/>
  <testcase name="verify_Seller_login" time="0.589" classname="VF_Quote_Creation_And_Response.LTL_Quote_Seller_Response_Ranking_Basis_Per_Del"/>
  <testcase name="Navigate_to_Review_Quote" time="8.291" classname="VF_Quote_Creation_And_Response.LTL_Quote_Seller_Response_Ranking_Basis_Per_Del"/>
  <testcase name="Seller_New_Quote_Search" time="14.356" classname="VF_Quote_Creation_And_Response.LTL_Quote_Seller_Response_Ranking_Basis_Per_Del"/>
  <testcase name="Verify_Quote_status_as_NEW" time="0.086" classname="VF_Quote_Creation_And_Response.LTL_Quote_Seller_Response_Ranking_Basis_Per_Del"/>
  <testcase name="Enter_Delivery_Flat_Fee_And_freight_$_per_gal_in_Quick_response_grid" time="0.96" classname="VF_Quote_Creation_And_Response.LTL_Quote_Seller_Response_Ranking_Basis_Per_Del"/>
  <testcase name="Verify_Quote_status_as_HoldAsDraft" time="0.051" classname="VF_Quote_Creation_And_Response.LTL_Quote_Seller_Response_Ranking_Basis_Per_Del"/>
  <testcase name="Enter_valid_Margin_$_Per_Gal" time="0.625" classname="VF_Quote_Creation_And_Response.LTL_Quote_Seller_Response_Ranking_Basis_Per_Del"/>
  <testcase name="Select_OPIS_State_And_City" time="8.328" classname="VF_Quote_Creation_And_Response.LTL_Quote_Seller_Response_Ranking_Basis_Per_Del"/>
  <testcase name="Set_Product_Category_Values" time="0.608" classname="VF_Quote_Creation_And_Response.LTL_Quote_Seller_Response_Ranking_Basis_Per_Del"/>
  <testcase name="Save_Response_in_Quick_Response" time="4.24" classname="VF_Quote_Creation_And_Response.LTL_Quote_Seller_Response_Ranking_Basis_Per_Del"/>
  <testcase name="Verify_Quote_status_as_ReadytoSubmit" time="0.08" classname="VF_Quote_Creation_And_Response.LTL_Quote_Seller_Response_Ranking_Basis_Per_Del"/>
  <testcase name="Verify_Delivery_Flat_Fee_for_Seller_Freight_Rates_In_TandC" time="7.679" classname="VF_Quote_Creation_And_Response.LTL_Quote_Seller_Response_Ranking_Basis_Per_Del"/>
  <testcase name="Verify_Freight_And_Margin_$_Per_Gallon_for_Seller_Freight_Rates_In_TandC" time="0.214" classname="VF_Quote_Creation_And_Response.LTL_Quote_Seller_Response_Ranking_Basis_Per_Del"/>
  <testcase name="Retrieve_$_Per_Del_Values_From_TandC" time="0.579" classname="VF_Quote_Creation_And_Response.LTL_Quote_Seller_Response_Ranking_Basis_Per_Del"/>
  <testcase name="Retrieve_$_Per_Gal_Values_From_TandC" time="0.304" classname="VF_Quote_Creation_And_Response.LTL_Quote_Seller_Response_Ranking_Basis_Per_Del"/>
  <testcase name="Retrieve_$_Per_Period_Values_From_TandC" time="0.383" classname="VF_Quote_Creation_And_Response.LTL_Quote_Seller_Response_Ranking_Basis_Per_Del"/>
  <testcase name="Verify_Delivery_Flat_Fee_for_Seller_Freight_Rates_In_Workbench" time="2.602" classname="VF_Quote_Creation_And_Response.LTL_Quote_Seller_Response_Ranking_Basis_Per_Del"/>
  <testcase name="Verify_Freight_And_Margin_$_Per_Gallon_for_Seller_Freight_Rates_In_Workbench" time="0.223" classname="VF_Quote_Creation_And_Response.LTL_Quote_Seller_Response_Ranking_Basis_Per_Del"/>
  <testcase name="Verify_$_Per_Del_Values_in_Workbench" time="0.23" classname="VF_Quote_Creation_And_Response.LTL_Quote_Seller_Response_Ranking_Basis_Per_Del"/>
  <testcase name="Verify_$_Per_Gal_Values_in_Workbench" time="0.202" classname="VF_Quote_Creation_And_Response.LTL_Quote_Seller_Response_Ranking_Basis_Per_Del"/>
  <testcase name="Verify_$_Per_Period_Values_in_Workbench" time="0.238" classname="VF_Quote_Creation_And_Response.LTL_Quote_Seller_Response_Ranking_Basis_Per_Del"/>
  <testcase name="check_Publish_To_Buyer_Calculator" time="2.539" classname="VF_Quote_Creation_And_Response.LTL_Quote_Seller_Response_Ranking_Basis_Per_Del"/>
  <testcase name="Get_Values_from_Buyer_Calculator" time="1.156" classname="VF_Quote_Creation_And_Response.LTL_Quote_Seller_Response_Ranking_Basis_Per_Del"/>
  <testcase name="Verify_finaltotal_and_RankingBasis_Values" time="10.657" classname="VF_Quote_Creation_And_Response.LTL_Quote_Seller_Response_Ranking_Basis_Per_Del"/>
  <testcase name="Submit_response" time="6.623" classname="VF_Quote_Creation_And_Response.LTL_Quote_Seller_Response_Ranking_Basis_Per_Del"/>
  <testcase name="verify_Submitted_quote_in_Active" time="23.957" classname="VF_Quote_Creation_And_Response.LTL_Quote_Seller_Response_Ranking_Basis_Per_Del"/>
  <testcase name="Logout_seller" time="1.634" classname="VF_Quote_Creation_And_Response.LTL_Quote_Seller_Response_Ranking_Basis_Per_Del"/>
</testsuite> <!-- Buyer LTL Mobile Fueling Seller Respone for $/Del -->
