<?xml version="1.0" encoding="UTF-8"?>
<!-- Generated by org.testng.reporters.JUnitXMLReporter -->
<testsuite hostname="Kiran-PC" ignored="0" name="Buyer LTL Freight Only Quote Creation for $/Del" tests="14" failures="0" timestamp="25 May 2020 06:23:12 GMT" time="185.491" errors="0">
  <testcase name="Browser" time="16.774" classname="VF_Quote_Creation_And_Response.LTL_Quote_Creation_Buyer_Ranking_Basis_Per_Del"/>
  <testcase name="Buyer_Login" time="18.255" classname="VF_Quote_Creation_And_Response.LTL_Quote_Creation_Buyer_Ranking_Basis_Per_Del"/>
  <testcase name="verify_buyer_login" time="0.759" classname="VF_Quote_Creation_And_Response.LTL_Quote_Creation_Buyer_Ranking_Basis_Per_Del"/>
  <testcase name="Navigate_to_Create_Or_View_Page" time="5.458" classname="VF_Quote_Creation_And_Response.LTL_Quote_Creation_Buyer_Ranking_Basis_Per_Del"/>
  <testcase name="Enter_Details_In_Create_Quote" time="9.1" classname="VF_Quote_Creation_And_Response.LTL_Quote_Creation_Buyer_Ranking_Basis_Per_Del"/>
  <testcase name="Select_Division_And_Delivery_Location" time="7.409" classname="VF_Quote_Creation_And_Response.LTL_Quote_Creation_Buyer_Ranking_Basis_Per_Del"/>
  <testcase name="Open_Modify" time="17.446" classname="VF_Quote_Creation_And_Response.LTL_Quote_Creation_Buyer_Ranking_Basis_Per_Del"/>
  <testcase name="Enter_Details_In_Tand" time="48.814" classname="VF_Quote_Creation_And_Response.LTL_Quote_Creation_Buyer_Ranking_Basis_Per_Del"/>
  <testcase name="Select_Payment_and_Service_Schedule_Pattern_in_TandC" time="8.654" classname="VF_Quote_Creation_And_Response.LTL_Quote_Creation_Buyer_Ranking_Basis_Per_Del"/>
  <testcase name="Quote_Save_As_Draft" time="7.782" classname="VF_Quote_Creation_And_Response.LTL_Quote_Creation_Buyer_Ranking_Basis_Per_Del"/>
  <testcase name="Select_Sellers_for_Draft_Quote" time="17.708" classname="VF_Quote_Creation_And_Response.LTL_Quote_Creation_Buyer_Ranking_Basis_Per_Del"/>
  <testcase name="Save_And_Send_Draft_Quote" time="8.845" classname="VF_Quote_Creation_And_Response.LTL_Quote_Creation_Buyer_Ranking_Basis_Per_Del"/>
  <testcase name="Verify_Save_And_Send_Quote_in_Active_tab" time="5.8" classname="VF_Quote_Creation_And_Response.LTL_Quote_Creation_Buyer_Ranking_Basis_Per_Del"/>
  <testcase name="Logout_Buyer" time="4.374" classname="VF_Quote_Creation_And_Response.LTL_Quote_Creation_Buyer_Ranking_Basis_Per_Del"/>
</testsuite> <!-- Buyer LTL Freight Only Quote Creation for $/Del -->
