<?xml version="1.0" encoding="UTF-8"?>
<!-- Generated by org.testng.reporters.JUnitXMLReporter -->
<testsuite hostname="Kiran-PC" ignored="0" name="Buyer LTL Freight Only Quote Creation for $/Gal" tests="14" failures="0" timestamp="25 May 2020 06:29:20 GMT" time="200.755" errors="0">
  <testcase name="Browser" time="30.632" classname="VF_Quote_Creation_And_Response.LTL_Quote_Creation_Buyer_Ranking_Basis_Per_Gal"/>
  <testcase name="Buyer_Login" time="21.324" classname="VF_Quote_Creation_And_Response.LTL_Quote_Creation_Buyer_Ranking_Basis_Per_Gal"/>
  <testcase name="verify_buyer_login" time="0.649" classname="VF_Quote_Creation_And_Response.LTL_Quote_Creation_Buyer_Ranking_Basis_Per_Gal"/>
  <testcase name="Navigate_to_Create_Or_View_Page" time="5.783" classname="VF_Quote_Creation_And_Response.LTL_Quote_Creation_Buyer_Ranking_Basis_Per_Gal"/>
  <testcase name="Enter_Details_In_Create_Quote" time="10.135" classname="VF_Quote_Creation_And_Response.LTL_Quote_Creation_Buyer_Ranking_Basis_Per_Gal"/>
  <testcase name="Select_Division_And_Delivery_Location" time="9.619" classname="VF_Quote_Creation_And_Response.LTL_Quote_Creation_Buyer_Ranking_Basis_Per_Gal"/>
  <testcase name="Open_Modify" time="13.701" classname="VF_Quote_Creation_And_Response.LTL_Quote_Creation_Buyer_Ranking_Basis_Per_Gal"/>
  <testcase name="Enter_Details_In_Tand" time="52.193" classname="VF_Quote_Creation_And_Response.LTL_Quote_Creation_Buyer_Ranking_Basis_Per_Gal"/>
  <testcase name="Select_Payment_and_Service_Schedule_Pattern_in_TandC" time="8.359" classname="VF_Quote_Creation_And_Response.LTL_Quote_Creation_Buyer_Ranking_Basis_Per_Gal"/>
  <testcase name="Quote_Save_As_Draft" time="7.708" classname="VF_Quote_Creation_And_Response.LTL_Quote_Creation_Buyer_Ranking_Basis_Per_Gal"/>
  <testcase name="Select_Sellers_for_Draft_Quote" time="18.939" classname="VF_Quote_Creation_And_Response.LTL_Quote_Creation_Buyer_Ranking_Basis_Per_Gal"/>
  <testcase name="Save_And_Send_Draft_Quote" time="8.41" classname="VF_Quote_Creation_And_Response.LTL_Quote_Creation_Buyer_Ranking_Basis_Per_Gal"/>
  <testcase name="Verify_Save_And_Send_Quote_in_Active_tab" time="6.122" classname="VF_Quote_Creation_And_Response.LTL_Quote_Creation_Buyer_Ranking_Basis_Per_Gal"/>
  <testcase name="Logout_Buyer" time="3.855" classname="VF_Quote_Creation_And_Response.LTL_Quote_Creation_Buyer_Ranking_Basis_Per_Gal"/>
</testsuite> <!-- Buyer LTL Freight Only Quote Creation for $/Gal -->
