<?xml version="1.0" encoding="UTF-8"?>
<!-- Generated by org.testng.reporters.JUnitXMLReporter -->
<testsuite hostname="Kiran-PC" ignored="0" name="Buyer LTL Seller Respone for $/Periodl" tests="29" failures="1" timestamp="25 May 2020 06:37:41 GMT" time="134.47" errors="0">
  <testcase name="Open_Browser" time="13.699" classname="VF_Quote_Creation_And_Response.LTL_Quote_Seller_Response_Ranking_Basis_Per_Period"/>
  <testcase name="Seller_Login" time="27.369" classname="VF_Quote_Creation_And_Response.LTL_Quote_Seller_Response_Ranking_Basis_Per_Period"/>
  <testcase name="verify_Seller_login" time="0.644" classname="VF_Quote_Creation_And_Response.LTL_Quote_Seller_Response_Ranking_Basis_Per_Period"/>
  <testcase name="Navigate_to_Review_Quote" time="12.084" classname="VF_Quote_Creation_And_Response.LTL_Quote_Seller_Response_Ranking_Basis_Per_Period"/>
  <testcase name="Seller_New_Quote_Search" time="14.983" classname="VF_Quote_Creation_And_Response.LTL_Quote_Seller_Response_Ranking_Basis_Per_Period"/>
  <testcase name="Verify_Quote_status_as_NEW" time="0.145" classname="VF_Quote_Creation_And_Response.LTL_Quote_Seller_Response_Ranking_Basis_Per_Period"/>
  <testcase name="Enter_Delivery_Flat_Fee_And_freight_$_per_gal_in_Quick_response_grid" time="1.393" classname="VF_Quote_Creation_And_Response.LTL_Quote_Seller_Response_Ranking_Basis_Per_Period"/>
  <testcase name="Verify_Quote_status_as_HoldAsDraft" time="0.071" classname="VF_Quote_Creation_And_Response.LTL_Quote_Seller_Response_Ranking_Basis_Per_Period"/>
  <testcase name="Enter_valid_Margin_$_Per_Gal" time="0.909" classname="VF_Quote_Creation_And_Response.LTL_Quote_Seller_Response_Ranking_Basis_Per_Period"/>
  <testcase name="Select_OPIS_State_And_City" time="10.033" classname="VF_Quote_Creation_And_Response.LTL_Quote_Seller_Response_Ranking_Basis_Per_Period"/>
  <testcase name="Set_Product_Category_Values" time="0.25" classname="VF_Quote_Creation_And_Response.LTL_Quote_Seller_Response_Ranking_Basis_Per_Period"/>
  <testcase name="Save_Response_in_Quick_Response" time="4.467" classname="VF_Quote_Creation_And_Response.LTL_Quote_Seller_Response_Ranking_Basis_Per_Period"/>
  <testcase name="Verify_Quote_status_as_ReadytoSubmit" time="0.056" classname="VF_Quote_Creation_And_Response.LTL_Quote_Seller_Response_Ranking_Basis_Per_Period"/>
  <testcase name="Verify_Delivery_Flat_Fee_for_Seller_Freight_Rates_In_TandC" time="0.083" classname="VF_Quote_Creation_And_Response.LTL_Quote_Seller_Response_Ranking_Basis_Per_Period"/>
  <testcase name="Verify_Freight_And_Margin_$_Per_Gallon_for_Seller_Freight_Rates_In_TandC" time="0.02" classname="VF_Quote_Creation_And_Response.LTL_Quote_Seller_Response_Ranking_Basis_Per_Period"/>
  <testcase name="Retrieve_$_Per_Del_Values_From_TandC" time="0.06" classname="VF_Quote_Creation_And_Response.LTL_Quote_Seller_Response_Ranking_Basis_Per_Period"/>
  <testcase name="Retrieve_$_Per_Gal_Values_From_TandC" time="0.036" classname="VF_Quote_Creation_And_Response.LTL_Quote_Seller_Response_Ranking_Basis_Per_Period"/>
  <testcase name="Retrieve_$_Per_Period_Values_From_TandC" time="0.036" classname="VF_Quote_Creation_And_Response.LTL_Quote_Seller_Response_Ranking_Basis_Per_Period"/>
  <testcase name="Verify_Delivery_Flat_Fee_for_Seller_Freight_Rates_In_Workbench" time="0.016" classname="VF_Quote_Creation_And_Response.LTL_Quote_Seller_Response_Ranking_Basis_Per_Period"/>
  <testcase name="Verify_Freight_And_Margin_$_Per_Gallon_for_Seller_Freight_Rates_In_Workbench" time="0.024" classname="VF_Quote_Creation_And_Response.LTL_Quote_Seller_Response_Ranking_Basis_Per_Period"/>
  <testcase name="Verify_$_Per_Del_Values_in_Workbench" time="0.023" classname="VF_Quote_Creation_And_Response.LTL_Quote_Seller_Response_Ranking_Basis_Per_Period"/>
  <testcase name="Verify_$_Per_Gal_Values_in_Workbench" time="0.02" classname="VF_Quote_Creation_And_Response.LTL_Quote_Seller_Response_Ranking_Basis_Per_Period"/>
  <testcase name="Verify_$_Per_Period_Values_in_Workbench" time="0.06" classname="VF_Quote_Creation_And_Response.LTL_Quote_Seller_Response_Ranking_Basis_Per_Period"/>
  <testcase name="check_Publish_To_Buyer_Calculator" time="0.024" classname="VF_Quote_Creation_And_Response.LTL_Quote_Seller_Response_Ranking_Basis_Per_Period"/>
  <testcase name="Get_Values_from_Buyer_Calculator" time="0.016" classname="VF_Quote_Creation_And_Response.LTL_Quote_Seller_Response_Ranking_Basis_Per_Period">
    <failure type="org.openqa.selenium.NoSuchElementException" message="no such element: Unable to locate element: {&amp;quot;method&amp;quot;:&amp;quot;id&amp;quot;,&amp;quot;selector&amp;quot;:&amp;quot;btnQRWorkBenchSave&amp;quot;}
  (Session info: chrome=81.0.4044.138)
  (Driver info: chromedriver=2.35.528161 (5b82f2d2aae0ca24b877009200ced9065a772e73),platform=Windows NT 10.0.18363 x86_64) (WARNING: The server did not provide any stacktrace information)
Command duration or timeout: 0 milliseconds
For documentation on this error, please visit: http://seleniumhq.org/exceptions/no_such_element.html
Build info: version: &amp;apos;3.11.0&amp;apos;, revision: &amp;apos;e59cfb3&amp;apos;, time: &amp;apos;2018-03-11T20:33:08.638Z&amp;apos;
System info: host: &amp;apos;KIRAN-PC&amp;apos;, ip: &amp;apos;192.168.0.105&amp;apos;, os.name: &amp;apos;Windows 10&amp;apos;, os.arch: &amp;apos;amd64&amp;apos;, os.version: &amp;apos;10.0&amp;apos;, java.version: &amp;apos;1.8.0_161&amp;apos;
Driver info: org.openqa.selenium.chrome.ChromeDriver
Capabilities {acceptInsecureCerts: false, acceptSslCerts: false, applicationCacheEnabled: false, browserConnectionEnabled: false, browserName: chrome, chrome: {chromedriverVersion: 2.35.528161 (5b82f2d2aae0ca..., userDataDir: C:\Users\dell\AppData\Local...}, cssSelectorsEnabled: true, databaseEnabled: false, handlesAlerts: true, hasTouchScreen: false, javascriptEnabled: true, locationContextEnabled: true, mobileEmulationEnabled: false, nativeEvents: true, networkConnectionEnabled: false, pageLoadStrategy: normal, platform: XP, platformName: XP, rotatable: false, setWindowRect: true, takesHeapSnapshot: true, takesScreenshot: true, unexpectedAlertBehaviour: , unhandledPromptBehavior: , version: 81.0.4044.138, webStorageEnabled: true}
Session ID: a8deb982e2f85c81bb1da144e39990fd
*** Element info: {Using=id, value=btnQRWorkBenchSave}">
      <![CDATA[org.openqa.selenium.NoSuchElementException: no such element: Unable to locate element: {"method":"id","selector":"btnQRWorkBenchSave"}
  (Session info: chrome=81.0.4044.138)
  (Driver info: chromedriver=2.35.528161 (5b82f2d2aae0ca24b877009200ced9065a772e73),platform=Windows NT 10.0.18363 x86_64) (WARNING: The server did not provide any stacktrace information)
Command duration or timeout: 0 milliseconds
For documentation on this error, please visit: http://seleniumhq.org/exceptions/no_such_element.html
Build info: version: '3.11.0', revision: 'e59cfb3', time: '2018-03-11T20:33:08.638Z'
System info: host: 'KIRAN-PC', ip: '192.168.0.105', os.name: 'Windows 10', os.arch: 'amd64', os.version: '10.0', java.version: '1.8.0_161'
Driver info: org.openqa.selenium.chrome.ChromeDriver
Capabilities {acceptInsecureCerts: false, acceptSslCerts: false, applicationCacheEnabled: false, browserConnectionEnabled: false, browserName: chrome, chrome: {chromedriverVersion: 2.35.528161 (5b82f2d2aae0ca..., userDataDir: C:\Users\dell\AppData\Local...}, cssSelectorsEnabled: true, databaseEnabled: false, handlesAlerts: true, hasTouchScreen: false, javascriptEnabled: true, locationContextEnabled: true, mobileEmulationEnabled: false, nativeEvents: true, networkConnectionEnabled: false, pageLoadStrategy: normal, platform: XP, platformName: XP, rotatable: false, setWindowRect: true, takesHeapSnapshot: true, takesScreenshot: true, unexpectedAlertBehaviour: , unhandledPromptBehavior: , version: 81.0.4044.138, webStorageEnabled: true}
Session ID: a8deb982e2f85c81bb1da144e39990fd
*** Element info: {Using=id, value=btnQRWorkBenchSave}
at org.openqa.selenium.remote.ErrorHandler.createThrowable(ErrorHandler.java:214)
at org.openqa.selenium.remote.ErrorHandler.throwIfResponseFailed(ErrorHandler.java:166)
at org.openqa.selenium.remote.http.JsonHttpResponseCodec.reconstructValue(JsonHttpResponseCodec.java:40)
at org.openqa.selenium.remote.http.AbstractHttpResponseCodec.decode(AbstractHttpResponseCodec.java:80)
at org.openqa.selenium.remote.http.AbstractHttpResponseCodec.decode(AbstractHttpResponseCodec.java:44)
at org.openqa.selenium.remote.HttpCommandExecutor.execute(HttpCommandExecutor.java:158)
at org.openqa.selenium.remote.service.DriverCommandExecutor.execute(DriverCommandExecutor.java:83)
at org.openqa.selenium.remote.RemoteWebDriver.execute(RemoteWebDriver.java:545)
at org.openqa.selenium.remote.RemoteWebDriver.findElement(RemoteWebDriver.java:319)
at org.openqa.selenium.remote.RemoteWebDriver.findElementById(RemoteWebDriver.java:365)
at org.openqa.selenium.By$ById.findElement(By.java:218)
at org.openqa.selenium.remote.RemoteWebDriver.findElement(RemoteWebDriver.java:311)
at VF_Quote_Creation_And_Response.LTL_Quote_Seller_Response_Ranking_Basis_Per_Period.Get_Values_from_Buyer_Calculator(LTL_Quote_Seller_Response_Ranking_Basis_Per_Period.java:1041)
at java.util.concurrent.ThreadPoolExecutor.runWorker(ThreadPoolExecutor.java:1149)
at java.util.concurrent.ThreadPoolExecutor$Worker.run(ThreadPoolExecutor.java:624)
at java.lang.Thread.run(Thread.java:748)
... Removed 14 stack frames]]>
    </failure>
  </testcase> <!-- Get_Values_from_Buyer_Calculator -->
  <testcase name="Verify_finaltotal_and_RankingBasis_Values" time="4.192" classname="VF_Quote_Creation_And_Response.LTL_Quote_Seller_Response_Ranking_Basis_Per_Period"/>
  <testcase name="Submit_response" time="7.14" classname="VF_Quote_Creation_And_Response.LTL_Quote_Seller_Response_Ranking_Basis_Per_Period"/>
  <testcase name="verify_Submitted_quote_in_Active" time="26.584" classname="VF_Quote_Creation_And_Response.LTL_Quote_Seller_Response_Ranking_Basis_Per_Period"/>
  <testcase name="Logout_seller" time="2.463" classname="VF_Quote_Creation_And_Response.LTL_Quote_Seller_Response_Ranking_Basis_Per_Period"/>
</testsuite> <!-- Buyer LTL Seller Respone for $/Periodl -->
