<?xml version="1.0" encoding="UTF-8"?>
<!-- Generated by org.testng.reporters.JUnitXMLReporter -->
<testsuite hostname="Kiran-PC" ignored="0" name="Buyer LTL Seller Respone for $/Del" tests="29" failures="0" timestamp="25 May 2020 06:25:59 GMT" time="166.658" errors="0">
  <testcase name="Open_Browser" time="15.02" classname="VF_Quote_Creation_And_Response.LTL_Quote_Seller_Response_Ranking_Basis_Per_Del"/>
  <testcase name="Seller_Login" time="16.384" classname="VF_Quote_Creation_And_Response.LTL_Quote_Seller_Response_Ranking_Basis_Per_Del"/>
  <testcase name="verify_Seller_login" time="1.875" classname="VF_Quote_Creation_And_Response.LTL_Quote_Seller_Response_Ranking_Basis_Per_Del"/>
  <testcase name="Navigate_to_Review_Quote" time="11.135" classname="VF_Quote_Creation_And_Response.LTL_Quote_Seller_Response_Ranking_Basis_Per_Del"/>
  <testcase name="Seller_New_Quote_Search" time="15.735" classname="VF_Quote_Creation_And_Response.LTL_Quote_Seller_Response_Ranking_Basis_Per_Del"/>
  <testcase name="Verify_Quote_status_as_NEW" time="0.266" classname="VF_Quote_Creation_And_Response.LTL_Quote_Seller_Response_Ranking_Basis_Per_Del"/>
  <testcase name="Enter_Delivery_Flat_Fee_And_freight_$_per_gal_in_Quick_response_grid" time="1.335" classname="VF_Quote_Creation_And_Response.LTL_Quote_Seller_Response_Ranking_Basis_Per_Del"/>
  <testcase name="Verify_Quote_status_as_HoldAsDraft" time="0.062" classname="VF_Quote_Creation_And_Response.LTL_Quote_Seller_Response_Ranking_Basis_Per_Del"/>
  <testcase name="Enter_valid_Margin_$_Per_Gal" time="0.649" classname="VF_Quote_Creation_And_Response.LTL_Quote_Seller_Response_Ranking_Basis_Per_Del"/>
  <testcase name="Select_OPIS_State_And_City" time="9.695" classname="VF_Quote_Creation_And_Response.LTL_Quote_Seller_Response_Ranking_Basis_Per_Del"/>
  <testcase name="Set_Product_Category_Values" time="0.641" classname="VF_Quote_Creation_And_Response.LTL_Quote_Seller_Response_Ranking_Basis_Per_Del"/>
  <testcase name="Save_Response_in_Quick_Response" time="4.447" classname="VF_Quote_Creation_And_Response.LTL_Quote_Seller_Response_Ranking_Basis_Per_Del"/>
  <testcase name="Verify_Quote_status_as_ReadytoSubmit" time="0.172" classname="VF_Quote_Creation_And_Response.LTL_Quote_Seller_Response_Ranking_Basis_Per_Del"/>
  <testcase name="Verify_Delivery_Flat_Fee_for_Seller_Freight_Rates_In_TandC" time="23.537" classname="VF_Quote_Creation_And_Response.LTL_Quote_Seller_Response_Ranking_Basis_Per_Del"/>
  <testcase name="Verify_Freight_And_Margin_$_Per_Gallon_for_Seller_Freight_Rates_In_TandC" time="0.323" classname="VF_Quote_Creation_And_Response.LTL_Quote_Seller_Response_Ranking_Basis_Per_Del"/>
  <testcase name="Retrieve_$_Per_Del_Values_From_TandC" time="0.666" classname="VF_Quote_Creation_And_Response.LTL_Quote_Seller_Response_Ranking_Basis_Per_Del"/>
  <testcase name="Retrieve_$_Per_Gal_Values_From_TandC" time="0.315" classname="VF_Quote_Creation_And_Response.LTL_Quote_Seller_Response_Ranking_Basis_Per_Del"/>
  <testcase name="Retrieve_$_Per_Period_Values_From_TandC" time="0.464" classname="VF_Quote_Creation_And_Response.LTL_Quote_Seller_Response_Ranking_Basis_Per_Del"/>
  <testcase name="Verify_Delivery_Flat_Fee_for_Seller_Freight_Rates_In_Workbench" time="3.226" classname="VF_Quote_Creation_And_Response.LTL_Quote_Seller_Response_Ranking_Basis_Per_Del"/>
  <testcase name="Verify_Freight_And_Margin_$_Per_Gallon_for_Seller_Freight_Rates_In_Workbench" time="0.234" classname="VF_Quote_Creation_And_Response.LTL_Quote_Seller_Response_Ranking_Basis_Per_Del"/>
  <testcase name="Verify_$_Per_Del_Values_in_Workbench" time="0.347" classname="VF_Quote_Creation_And_Response.LTL_Quote_Seller_Response_Ranking_Basis_Per_Del"/>
  <testcase name="Verify_$_Per_Gal_Values_in_Workbench" time="0.238" classname="VF_Quote_Creation_And_Response.LTL_Quote_Seller_Response_Ranking_Basis_Per_Del"/>
  <testcase name="Verify_$_Per_Period_Values_in_Workbench" time="0.239" classname="VF_Quote_Creation_And_Response.LTL_Quote_Seller_Response_Ranking_Basis_Per_Del"/>
  <testcase name="check_Publish_To_Buyer_Calculator" time="2.92" classname="VF_Quote_Creation_And_Response.LTL_Quote_Seller_Response_Ranking_Basis_Per_Del"/>
  <testcase name="Get_Values_from_Buyer_Calculator" time="1.757" classname="VF_Quote_Creation_And_Response.LTL_Quote_Seller_Response_Ranking_Basis_Per_Del"/>
  <testcase name="Verify_finaltotal_and_RankingBasis_Values" time="11.686" classname="VF_Quote_Creation_And_Response.LTL_Quote_Seller_Response_Ranking_Basis_Per_Del"/>
  <testcase name="Submit_response" time="6.828" classname="VF_Quote_Creation_And_Response.LTL_Quote_Seller_Response_Ranking_Basis_Per_Del"/>
  <testcase name="verify_Submitted_quote_in_Active" time="26.491" classname="VF_Quote_Creation_And_Response.LTL_Quote_Seller_Response_Ranking_Basis_Per_Del"/>
  <testcase name="Logout_seller" time="2.346" classname="VF_Quote_Creation_And_Response.LTL_Quote_Seller_Response_Ranking_Basis_Per_Del"/>
</testsuite> <!-- Buyer LTL Seller Respone for $/Del -->
