<?xml version="1.0" encoding="UTF-8"?>
<!-- Generated by org.testng.reporters.JUnitXMLReporter -->
<testsuite hostname="Kiran-PC" ignored="0" name="Buyer LTL Seller Respone for $/Gal" tests="29" failures="0" timestamp="25 May 2020 06:32:06 GMT" time="166.368" errors="0">
  <testcase name="Open_Browser" time="13.378" classname="VF_Quote_Creation_And_Response.LTL_Quote_Seller_Response_Ranking_Basis_Per_Gal"/>
  <testcase name="Seller_Login" time="13.505" classname="VF_Quote_Creation_And_Response.LTL_Quote_Seller_Response_Ranking_Basis_Per_Gal"/>
  <testcase name="verify_Seller_login" time="1.296" classname="VF_Quote_Creation_And_Response.LTL_Quote_Seller_Response_Ranking_Basis_Per_Gal"/>
  <testcase name="Navigate_to_Review_Quote" time="9.491" classname="VF_Quote_Creation_And_Response.LTL_Quote_Seller_Response_Ranking_Basis_Per_Gal"/>
  <testcase name="Seller_New_Quote_Search" time="16.684" classname="VF_Quote_Creation_And_Response.LTL_Quote_Seller_Response_Ranking_Basis_Per_Gal"/>
  <testcase name="Verify_Quote_status_as_NEW" time="0.202" classname="VF_Quote_Creation_And_Response.LTL_Quote_Seller_Response_Ranking_Basis_Per_Gal"/>
  <testcase name="Enter_Delivery_Flat_Fee_And_freight_$_per_gal_in_Quick_response_grid" time="1.096" classname="VF_Quote_Creation_And_Response.LTL_Quote_Seller_Response_Ranking_Basis_Per_Gal"/>
  <testcase name="Verify_Quote_status_as_HoldAsDraft" time="0.06" classname="VF_Quote_Creation_And_Response.LTL_Quote_Seller_Response_Ranking_Basis_Per_Gal"/>
  <testcase name="Enter_valid_Margin_$_Per_Gal" time="0.701" classname="VF_Quote_Creation_And_Response.LTL_Quote_Seller_Response_Ranking_Basis_Per_Gal"/>
  <testcase name="Select_OPIS_State_And_City" time="9.384" classname="VF_Quote_Creation_And_Response.LTL_Quote_Seller_Response_Ranking_Basis_Per_Gal"/>
  <testcase name="Set_Product_Category_Values" time="0.333" classname="VF_Quote_Creation_And_Response.LTL_Quote_Seller_Response_Ranking_Basis_Per_Gal"/>
  <testcase name="Save_Response_in_Quick_Response" time="4.329" classname="VF_Quote_Creation_And_Response.LTL_Quote_Seller_Response_Ranking_Basis_Per_Gal"/>
  <testcase name="Verify_Quote_status_as_ReadytoSubmit" time="0.297" classname="VF_Quote_Creation_And_Response.LTL_Quote_Seller_Response_Ranking_Basis_Per_Gal"/>
  <testcase name="Verify_Delivery_Flat_Fee_for_Seller_Freight_Rates_In_TandC" time="29.013" classname="VF_Quote_Creation_And_Response.LTL_Quote_Seller_Response_Ranking_Basis_Per_Gal"/>
  <testcase name="Verify_Freight_And_Margin_$_Per_Gallon_for_Seller_Freight_Rates_In_TandC" time="0.379" classname="VF_Quote_Creation_And_Response.LTL_Quote_Seller_Response_Ranking_Basis_Per_Gal"/>
  <testcase name="Retrieve_$_Per_Del_Values_From_TandC" time="0.247" classname="VF_Quote_Creation_And_Response.LTL_Quote_Seller_Response_Ranking_Basis_Per_Gal"/>
  <testcase name="Retrieve_$_Per_Gal_Values_From_TandC" time="0.238" classname="VF_Quote_Creation_And_Response.LTL_Quote_Seller_Response_Ranking_Basis_Per_Gal"/>
  <testcase name="Retrieve_$_Per_Period_Values_From_TandC" time="0.667" classname="VF_Quote_Creation_And_Response.LTL_Quote_Seller_Response_Ranking_Basis_Per_Gal"/>
  <testcase name="Verify_Delivery_Flat_Fee_for_Seller_Freight_Rates_In_Workbench" time="3.038" classname="VF_Quote_Creation_And_Response.LTL_Quote_Seller_Response_Ranking_Basis_Per_Gal"/>
  <testcase name="Verify_Freight_And_Margin_$_Per_Gallon_for_Seller_Freight_Rates_In_Workbench" time="0.28" classname="VF_Quote_Creation_And_Response.LTL_Quote_Seller_Response_Ranking_Basis_Per_Gal"/>
  <testcase name="Verify_$_Per_Del_Values_in_Workbench" time="0.207" classname="VF_Quote_Creation_And_Response.LTL_Quote_Seller_Response_Ranking_Basis_Per_Gal"/>
  <testcase name="Verify_$_Per_Gal_Values_in_Workbench" time="0.348" classname="VF_Quote_Creation_And_Response.LTL_Quote_Seller_Response_Ranking_Basis_Per_Gal"/>
  <testcase name="Verify_$_Per_Period_Values_in_Workbench" time="0.316" classname="VF_Quote_Creation_And_Response.LTL_Quote_Seller_Response_Ranking_Basis_Per_Gal"/>
  <testcase name="check_Publish_To_Buyer_Calculator" time="2.659" classname="VF_Quote_Creation_And_Response.LTL_Quote_Seller_Response_Ranking_Basis_Per_Gal"/>
  <testcase name="Get_Values_from_Buyer_Calculator" time="1.622" classname="VF_Quote_Creation_And_Response.LTL_Quote_Seller_Response_Ranking_Basis_Per_Gal"/>
  <testcase name="Verify_finaltotal_and_RankingBasis_Values" time="11.712" classname="VF_Quote_Creation_And_Response.LTL_Quote_Seller_Response_Ranking_Basis_Per_Gal"/>
  <testcase name="Submit_response" time="7.094" classname="VF_Quote_Creation_And_Response.LTL_Quote_Seller_Response_Ranking_Basis_Per_Gal"/>
  <testcase name="verify_Submitted_quote_in_Active" time="27.492" classname="VF_Quote_Creation_And_Response.LTL_Quote_Seller_Response_Ranking_Basis_Per_Gal"/>
  <testcase name="Logout_seller" time="2.594" classname="VF_Quote_Creation_And_Response.LTL_Quote_Seller_Response_Ranking_Basis_Per_Gal"/>
</testsuite> <!-- Buyer LTL Seller Respone for $/Gal -->
