<?xml version="1.0" encoding="UTF-8"?>
<!-- Generated by org.testng.reporters.JUnitXMLReporter -->
<testsuite hostname="Kiran-PC" ignored="0" name="Buyer LTL Mobile Fueling Quote calculation Response for $/Period" tests="32" failures="0" timestamp="25 May 2020 14:55:41 GMT" time="117.182" errors="0">
  <testcase name="Browser" time="7.326" classname="VF_Quote_Creation_And_Response.LTL_Quote_Buyer_Side_Verification_Ranking_Basis_Per_Period"/>
  <testcase name="Buyer_Login" time="13.562" classname="VF_Quote_Creation_And_Response.LTL_Quote_Buyer_Side_Verification_Ranking_Basis_Per_Period"/>
  <testcase name="verify_buyer_login" time="0.062" classname="VF_Quote_Creation_And_Response.LTL_Quote_Buyer_Side_Verification_Ranking_Basis_Per_Period"/>
  <testcase name="Navigate_to_Create_Or_View_Page" time="4.94" classname="VF_Quote_Creation_And_Response.LTL_Quote_Buyer_Side_Verification_Ranking_Basis_Per_Period"/>
  <testcase name="Open_Quote_In_Active_Tab" time="8.035" classname="VF_Quote_Creation_And_Response.LTL_Quote_Buyer_Side_Verification_Ranking_Basis_Per_Period"/>
  <testcase name="Verify_Page_Navigated_To_Delivery_Location" time="6.08" classname="VF_Quote_Creation_And_Response.LTL_Quote_Buyer_Side_Verification_Ranking_Basis_Per_Period"/>
  <testcase name="Open_View_in_TandC" time="0.172" classname="VF_Quote_Creation_And_Response.LTL_Quote_Buyer_Side_Verification_Ranking_Basis_Per_Period"/>
  <testcase name="Verify_Delivery_Flat_Fee_for_Seller_Freight_Rates_In_TandC" time="1.931" classname="VF_Quote_Creation_And_Response.LTL_Quote_Buyer_Side_Verification_Ranking_Basis_Per_Period"/>
  <testcase name="Verify_Freight_And_Margin_$_Per_Gallon_for_Seller_Freight_Rates_In_TandC" time="0.234" classname="VF_Quote_Creation_And_Response.LTL_Quote_Buyer_Side_Verification_Ranking_Basis_Per_Period"/>
  <testcase name="Verify_Final_Total_And_Ranking_Basis_in_TandC" time="3.372" classname="VF_Quote_Creation_And_Response.LTL_Quote_Buyer_Side_Verification_Ranking_Basis_Per_Period"/>
  <testcase name="Open_Workbench" time="0.16" classname="VF_Quote_Creation_And_Response.LTL_Quote_Buyer_Side_Verification_Ranking_Basis_Per_Period"/>
  <testcase name="Verify_Buyer_Calculations_on_Workbench" time="6.739" classname="VF_Quote_Creation_And_Response.LTL_Quote_Buyer_Side_Verification_Ranking_Basis_Per_Period"/>
  <testcase name="Verify_Delivery_Flat_Fee_for_Seller_Freight_Rates_In_Workbench" time="0.575" classname="VF_Quote_Creation_And_Response.LTL_Quote_Buyer_Side_Verification_Ranking_Basis_Per_Period"/>
  <testcase name="Verify_Freight_And_Margin_$_Per_Gallon_for_Seller_Freight_Rates_In_Workbench" time="0.201" classname="VF_Quote_Creation_And_Response.LTL_Quote_Buyer_Side_Verification_Ranking_Basis_Per_Period"/>
  <testcase name="Verify_$_Per_Period_Values_in_Workbench" time="0.183" classname="VF_Quote_Creation_And_Response.LTL_Quote_Buyer_Side_Verification_Ranking_Basis_Per_Period"/>
  <testcase name="Close_Workbench" time="2.231" classname="VF_Quote_Creation_And_Response.LTL_Quote_Buyer_Side_Verification_Ranking_Basis_Per_Period"/>
  <testcase name="Award_Quote" time="21.976" classname="VF_Quote_Creation_And_Response.LTL_Quote_Buyer_Side_Verification_Ranking_Basis_Per_Period"/>
  <testcase name="Verify_Quote_in_Awarded_Tab" time="4.569" classname="VF_Quote_Creation_And_Response.LTL_Quote_Buyer_Side_Verification_Ranking_Basis_Per_Period"/>
  <testcase name="Open_Awarded_Quote" time="11.528" classname="VF_Quote_Creation_And_Response.LTL_Quote_Buyer_Side_Verification_Ranking_Basis_Per_Period"/>
  <testcase name="Verify_Page_Navigated_To_Delivery_Location_in_Awarded_Quote" time="0.04" classname="VF_Quote_Creation_And_Response.LTL_Quote_Buyer_Side_Verification_Ranking_Basis_Per_Period"/>
  <testcase name="Verify_awarded_Quote_Status" time="0.048" classname="VF_Quote_Creation_And_Response.LTL_Quote_Buyer_Side_Verification_Ranking_Basis_Per_Period"/>
  <testcase name="Open_View_in_TandC_in_Awarded_Quote" time="0.162" classname="VF_Quote_Creation_And_Response.LTL_Quote_Buyer_Side_Verification_Ranking_Basis_Per_Period"/>
  <testcase name="Verify_Delivery_Flat_Fee_for_Seller_Freight_Rates_In_TandC_for_Awarded_Quote" time="2.663" classname="VF_Quote_Creation_And_Response.LTL_Quote_Buyer_Side_Verification_Ranking_Basis_Per_Period"/>
  <testcase name="Verify_Freight_And_Margin_$_Per_Gallon_for_Seller_Freight_Rates_In_TandC_for_Awarded_Quote" time="0.302" classname="VF_Quote_Creation_And_Response.LTL_Quote_Buyer_Side_Verification_Ranking_Basis_Per_Period"/>
  <testcase name="Verify_Final_Total_And_Ranking_Basis_in_TandC_for_Awarded_Quote" time="3.315" classname="VF_Quote_Creation_And_Response.LTL_Quote_Buyer_Side_Verification_Ranking_Basis_Per_Period"/>
  <testcase name="Open_Workbench_for_Awarded_quote" time="0.229" classname="VF_Quote_Creation_And_Response.LTL_Quote_Buyer_Side_Verification_Ranking_Basis_Per_Period"/>
  <testcase name="Verify_Buyer_Calculations_on_Workbench_for_Awarded_quote" time="6.138" classname="VF_Quote_Creation_And_Response.LTL_Quote_Buyer_Side_Verification_Ranking_Basis_Per_Period"/>
  <testcase name="Verify_Delivery_Flat_Fee_for_Seller_Freight_Rates_In_Workbench_for_Awarded_quote" time="0.606" classname="VF_Quote_Creation_And_Response.LTL_Quote_Buyer_Side_Verification_Ranking_Basis_Per_Period"/>
  <testcase name="Verify_Freight_And_Margin_$_Per_Gallon_for_Seller_Freight_Rates_In_Workbench_for_Awarded_quote" time="0.233" classname="VF_Quote_Creation_And_Response.LTL_Quote_Buyer_Side_Verification_Ranking_Basis_Per_Period"/>
  <testcase name="Verify_$_Per_Period_Values_in_Workbench_for_Awarded_quote" time="0.246" classname="VF_Quote_Creation_And_Response.LTL_Quote_Buyer_Side_Verification_Ranking_Basis_Per_Period"/>
  <testcase name="Close_Workbench_for_Awarded_quote" time="2.26" classname="VF_Quote_Creation_And_Response.LTL_Quote_Buyer_Side_Verification_Ranking_Basis_Per_Period"/>
  <testcase name="Veify_Buyer_Logout" time="3.761" classname="VF_Quote_Creation_And_Response.LTL_Quote_Buyer_Side_Verification_Ranking_Basis_Per_Period"/>
</testsuite> <!-- Buyer LTL Mobile Fueling Quote calculation Response for $/Period -->
