<?xml version="1.0" encoding="UTF-8"?>
<!-- Generated by org.testng.reporters.JUnitXMLReporter -->
<testsuite hostname="KODECORP" ignored="0" name="Buyer Quote Creation" tests="8" failures="0" timestamp="05 May 2020 09:15:08 GMT" time="250.09" errors="0">
  <testcase name="Open_Browser" time="38.679" classname="VF_Quote_Creation_And_Response.FTL_Quote_Creation_Buyer_Ranking_Basis_Per_Del"/>
  <testcase name="Buyer_Login" time="32.856" classname="VF_Quote_Creation_And_Response.FTL_Quote_Creation_Buyer_Ranking_Basis_Per_Del"/>
  <testcase name="verify_buyer_login" time="0.897" classname="VF_Quote_Creation_And_Response.FTL_Quote_Creation_Buyer_Ranking_Basis_Per_Del"/>
  <testcase name="Navigate_to_Create_Or_View_Page" time="6.088" classname="VF_Quote_Creation_And_Response.FTL_Quote_Creation_Buyer_Ranking_Basis_Per_Del"/>
  <testcase name="Save_Quote_As_Draft" time="128.343" classname="VF_Quote_Creation_And_Response.FTL_Quote_Creation_Buyer_Ranking_Basis_Per_Del"/>
  <testcase name="Quote_Save_And_Send" time="30.609" classname="VF_Quote_Creation_And_Response.FTL_Quote_Creation_Buyer_Ranking_Basis_Per_Del"/>
  <testcase name="Verify_Save_And_Send_Quote_In_Active_Quotes" time="8.361" classname="VF_Quote_Creation_And_Response.FTL_Quote_Creation_Buyer_Ranking_Basis_Per_Del"/>
  <testcase name="Veify_Buyer_Logout" time="4.207" classname="VF_Quote_Creation_And_Response.FTL_Quote_Creation_Buyer_Ranking_Basis_Per_Del"/>
</testsuite> <!-- Buyer Quote Creation -->
