<?xml version="1.0" encoding="UTF-8"?>
<!-- Generated by org.testng.reporters.JUnitXMLReporter -->
<testsuite hostname="Kiran-PC" ignored="0" name="Buyer LTL Mobile Fueling Quote Creation for $/Del" tests="14" failures="0" timestamp="27 May 2020 10:09:19 GMT" time="163.403" errors="0">
  <testcase name="Browser" time="8.406" classname="VF_Quote_Creation_And_Response.LTL_TW_Quote_Creation_Buyer_Ranking_Basis_Per_Del"/>
  <testcase name="Buyer_Login" time="10.784" classname="VF_Quote_Creation_And_Response.LTL_TW_Quote_Creation_Buyer_Ranking_Basis_Per_Del"/>
  <testcase name="verify_buyer_login" time="1.001" classname="VF_Quote_Creation_And_Response.LTL_TW_Quote_Creation_Buyer_Ranking_Basis_Per_Del"/>
  <testcase name="Navigate_to_Create_Or_View_Page" time="5.639" classname="VF_Quote_Creation_And_Response.LTL_TW_Quote_Creation_Buyer_Ranking_Basis_Per_Del"/>
  <testcase name="Enter_Details_In_Create_Quote" time="10.407" classname="VF_Quote_Creation_And_Response.LTL_TW_Quote_Creation_Buyer_Ranking_Basis_Per_Del"/>
  <testcase name="Select_Division_And_Delivery_Location" time="7.376" classname="VF_Quote_Creation_And_Response.LTL_TW_Quote_Creation_Buyer_Ranking_Basis_Per_Del"/>
  <testcase name="Open_Modify" time="23.299" classname="VF_Quote_Creation_And_Response.LTL_TW_Quote_Creation_Buyer_Ranking_Basis_Per_Del"/>
  <testcase name="Enter_Details_In_Tand" time="30.863" classname="VF_Quote_Creation_And_Response.LTL_TW_Quote_Creation_Buyer_Ranking_Basis_Per_Del"/>
  <testcase name="Select_Payment_and_Service_Schedule_Pattern_in_TandC" time="7.624" classname="VF_Quote_Creation_And_Response.LTL_TW_Quote_Creation_Buyer_Ranking_Basis_Per_Del"/>
  <testcase name="Quote_Save_As_Draft" time="12.179" classname="VF_Quote_Creation_And_Response.LTL_TW_Quote_Creation_Buyer_Ranking_Basis_Per_Del"/>
  <testcase name="Select_Sellers_for_Draft_Quote" time="22.575" classname="VF_Quote_Creation_And_Response.LTL_TW_Quote_Creation_Buyer_Ranking_Basis_Per_Del"/>
  <testcase name="Save_And_Send_Draft_Quote" time="9.211" classname="VF_Quote_Creation_And_Response.LTL_TW_Quote_Creation_Buyer_Ranking_Basis_Per_Del"/>
  <testcase name="Verify_Save_And_Send_Quote_in_Active_tab" time="5.716" classname="VF_Quote_Creation_And_Response.LTL_TW_Quote_Creation_Buyer_Ranking_Basis_Per_Del"/>
  <testcase name="Logout_Buyer" time="4.046" classname="VF_Quote_Creation_And_Response.LTL_TW_Quote_Creation_Buyer_Ranking_Basis_Per_Del"/>
</testsuite> <!-- Buyer LTL Mobile Fueling Quote Creation for $/Del -->
