<?xml version="1.0" encoding="UTF-8"?>
<!-- Generated by org.testng.reporters.JUnitXMLReporter -->
<testsuite hostname="Kiran-PC" ignored="0" name="Buyer LTL Mobile Fueling Quote calculation Response for $/Del" tests="32" failures="0" timestamp="26 May 2020 05:36:18 GMT" time="116.221" errors="0">
  <testcase name="Browser" time="8.256" classname="VF_Quote_Creation_And_Response.LTL_Quote_Buyer_Side_Verification_Ranking_Basis_Per_Del"/>
  <testcase name="Buyer_Login" time="9.986" classname="VF_Quote_Creation_And_Response.LTL_Quote_Buyer_Side_Verification_Ranking_Basis_Per_Del"/>
  <testcase name="verify_buyer_login" time="0.063" classname="VF_Quote_Creation_And_Response.LTL_Quote_Buyer_Side_Verification_Ranking_Basis_Per_Del"/>
  <testcase name="Navigate_to_Create_Or_View_Page" time="4.849" classname="VF_Quote_Creation_And_Response.LTL_Quote_Buyer_Side_Verification_Ranking_Basis_Per_Del"/>
  <testcase name="Open_Quote_In_Active_Tab" time="8.063" classname="VF_Quote_Creation_And_Response.LTL_Quote_Buyer_Side_Verification_Ranking_Basis_Per_Del"/>
  <testcase name="Verify_Page_Navigated_To_Delivery_Location" time="6.546" classname="VF_Quote_Creation_And_Response.LTL_Quote_Buyer_Side_Verification_Ranking_Basis_Per_Del"/>
  <testcase name="Open_View_in_TandC" time="0.141" classname="VF_Quote_Creation_And_Response.LTL_Quote_Buyer_Side_Verification_Ranking_Basis_Per_Del"/>
  <testcase name="Verify_Delivery_Flat_Fee_for_Seller_Freight_Rates_In_TandC" time="1.973" classname="VF_Quote_Creation_And_Response.LTL_Quote_Buyer_Side_Verification_Ranking_Basis_Per_Del"/>
  <testcase name="Verify_Freight_And_Margin_$_Per_Gallon_for_Seller_Freight_Rates_In_TandC" time="0.204" classname="VF_Quote_Creation_And_Response.LTL_Quote_Buyer_Side_Verification_Ranking_Basis_Per_Del"/>
  <testcase name="Verify_Final_Total_And_Ranking_Basis_in_TandC" time="3.248" classname="VF_Quote_Creation_And_Response.LTL_Quote_Buyer_Side_Verification_Ranking_Basis_Per_Del"/>
  <testcase name="Open_Workbench" time="0.156" classname="VF_Quote_Creation_And_Response.LTL_Quote_Buyer_Side_Verification_Ranking_Basis_Per_Del"/>
  <testcase name="Verify_Buyer_Calculations_on_Workbench" time="6.193" classname="VF_Quote_Creation_And_Response.LTL_Quote_Buyer_Side_Verification_Ranking_Basis_Per_Del"/>
  <testcase name="Verify_Delivery_Flat_Fee_for_Seller_Freight_Rates_In_Workbench" time="0.586" classname="VF_Quote_Creation_And_Response.LTL_Quote_Buyer_Side_Verification_Ranking_Basis_Per_Del"/>
  <testcase name="Verify_Freight_And_Margin_$_Per_Gallon_for_Seller_Freight_Rates_In_Workbench" time="0.209" classname="VF_Quote_Creation_And_Response.LTL_Quote_Buyer_Side_Verification_Ranking_Basis_Per_Del"/>
  <testcase name="Verify_$_Per_Del_Values_in_Workbench" time="0.194" classname="VF_Quote_Creation_And_Response.LTL_Quote_Buyer_Side_Verification_Ranking_Basis_Per_Del"/>
  <testcase name="Close_Workbench" time="2.201" classname="VF_Quote_Creation_And_Response.LTL_Quote_Buyer_Side_Verification_Ranking_Basis_Per_Del"/>
  <testcase name="Award_Quote" time="22.234" classname="VF_Quote_Creation_And_Response.LTL_Quote_Buyer_Side_Verification_Ranking_Basis_Per_Del"/>
  <testcase name="Verify_Quote_in_Awarded_Tab" time="4.609" classname="VF_Quote_Creation_And_Response.LTL_Quote_Buyer_Side_Verification_Ranking_Basis_Per_Del"/>
  <testcase name="Open_Awarded_Quote" time="13.885" classname="VF_Quote_Creation_And_Response.LTL_Quote_Buyer_Side_Verification_Ranking_Basis_Per_Del"/>
  <testcase name="Verify_Page_Navigated_To_Delivery_Location_in_Awarded_Quote" time="0.048" classname="VF_Quote_Creation_And_Response.LTL_Quote_Buyer_Side_Verification_Ranking_Basis_Per_Del"/>
  <testcase name="Verify_awarded_Quote_Status" time="0.052" classname="VF_Quote_Creation_And_Response.LTL_Quote_Buyer_Side_Verification_Ranking_Basis_Per_Del"/>
  <testcase name="Open_View_in_TandC_in_Awarded_Quote" time="0.156" classname="VF_Quote_Creation_And_Response.LTL_Quote_Buyer_Side_Verification_Ranking_Basis_Per_Del"/>
  <testcase name="Verify_Delivery_Flat_Fee_for_Seller_Freight_Rates_In_TandC_for_Awarded_Quote" time="2.111" classname="VF_Quote_Creation_And_Response.LTL_Quote_Buyer_Side_Verification_Ranking_Basis_Per_Del"/>
  <testcase name="Verify_Freight_And_Margin_$_Per_Gallon_for_Seller_Freight_Rates_In_TandC_for_Awarded_Quote" time="0.212" classname="VF_Quote_Creation_And_Response.LTL_Quote_Buyer_Side_Verification_Ranking_Basis_Per_Del"/>
  <testcase name="Verify_Final_Total_And_Ranking_Basis_in_TandC_for_Awarded_Quote" time="3.301" classname="VF_Quote_Creation_And_Response.LTL_Quote_Buyer_Side_Verification_Ranking_Basis_Per_Del"/>
  <testcase name="Open_Workbench_for_Awarded_quote" time="0.29" classname="VF_Quote_Creation_And_Response.LTL_Quote_Buyer_Side_Verification_Ranking_Basis_Per_Del"/>
  <testcase name="Verify_Buyer_Calculations_on_Workbench_for_Awarded_quote" time="6.155" classname="VF_Quote_Creation_And_Response.LTL_Quote_Buyer_Side_Verification_Ranking_Basis_Per_Del"/>
  <testcase name="Verify_Delivery_Flat_Fee_for_Seller_Freight_Rates_In_Workbench_for_Awarded_quote" time="0.673" classname="VF_Quote_Creation_And_Response.LTL_Quote_Buyer_Side_Verification_Ranking_Basis_Per_Del"/>
  <testcase name="Verify_Freight_And_Margin_$_Per_Gallon_for_Seller_Freight_Rates_In_Workbench_for_Awarded_quote" time="0.321" classname="VF_Quote_Creation_And_Response.LTL_Quote_Buyer_Side_Verification_Ranking_Basis_Per_Del"/>
  <testcase name="Verify_$_Per_Del_Values_in_Workbench_for_Awarded_quote" time="0.156" classname="VF_Quote_Creation_And_Response.LTL_Quote_Buyer_Side_Verification_Ranking_Basis_Per_Del"/>
  <testcase name="Close_Workbench_for_Awarded_quote" time="2.263" classname="VF_Quote_Creation_And_Response.LTL_Quote_Buyer_Side_Verification_Ranking_Basis_Per_Del"/>
  <testcase name="Veify_Buyer_Logout" time="3.68" classname="VF_Quote_Creation_And_Response.LTL_Quote_Buyer_Side_Verification_Ranking_Basis_Per_Del"/>
</testsuite> <!-- Buyer LTL Mobile Fueling Quote calculation Response for $/Del -->
