<?xml version="1.0" encoding="UTF-8"?>
<!-- Generated by org.testng.reporters.JUnitXMLReporter -->
<testsuite hostname="Kiran-PC" ignored="0" name="Seller FTL Freight Only Quote Response for $/Gal" tests="31" failures="0" timestamp="27 May 2020 05:59:23 GMT" time="147.356" errors="0">
  <testcase name="Open_Browser" time="8.096" classname="VF_Quote_Creation_And_Response.FTL_Quote_Seller_Response_Ranking_Basis_Per_Gal"/>
  <testcase name="Seller_Login" time="8.627" classname="VF_Quote_Creation_And_Response.FTL_Quote_Seller_Response_Ranking_Basis_Per_Gal"/>
  <testcase name="verify_Seller_login" time="0.544" classname="VF_Quote_Creation_And_Response.FTL_Quote_Seller_Response_Ranking_Basis_Per_Gal"/>
  <testcase name="Navigate_to_Review_Quote" time="7.596" classname="VF_Quote_Creation_And_Response.FTL_Quote_Seller_Response_Ranking_Basis_Per_Gal"/>
  <testcase name="Seller_New_Quote_Search" time="13.374" classname="VF_Quote_Creation_And_Response.FTL_Quote_Seller_Response_Ranking_Basis_Per_Gal"/>
  <testcase name="Verify_Quote_status_as_New" time="0.477" classname="VF_Quote_Creation_And_Response.FTL_Quote_Seller_Response_Ranking_Basis_Per_Gal"/>
  <testcase name="Enter_Tolls_on_Quick_Respose_grid" time="7.123" classname="VF_Quote_Creation_And_Response.FTL_Quote_Seller_Response_Ranking_Basis_Per_Gal"/>
  <testcase name="Verify_Quote_status_as_HoldAsDraft" time="0.07" classname="VF_Quote_Creation_And_Response.FTL_Quote_Seller_Response_Ranking_Basis_Per_Gal"/>
  <testcase name="Enter_data_on_Freight_Per_Gallon_in_Quick_Response_Grid" time="10.387" classname="VF_Quote_Creation_And_Response.FTL_Quote_Seller_Response_Ranking_Basis_Per_Gal"/>
  <testcase name="Enter_FuelSurcharge" time="2.283" classname="VF_Quote_Creation_And_Response.FTL_Quote_Seller_Response_Ranking_Basis_Per_Gal"/>
  <testcase name="save_response_tandc" time="5.568" classname="VF_Quote_Creation_And_Response.FTL_Quote_Seller_Response_Ranking_Basis_Per_Gal"/>
  <testcase name="Verify_Quote_status_as_ReadytoSubmit" time="0.067" classname="VF_Quote_Creation_And_Response.FTL_Quote_Seller_Response_Ranking_Basis_Per_Gal"/>
  <testcase name="verify_FuelSurcharge_AccessorialFees_And_Tolls_data_on_tandc" time="13.703" classname="VF_Quote_Creation_And_Response.FTL_Quote_Seller_Response_Ranking_Basis_Per_Gal"/>
  <testcase name="Verify_Freight_Per_Gallon_Values_in_TandC" time="0.799" classname="VF_Quote_Creation_And_Response.FTL_Quote_Seller_Response_Ranking_Basis_Per_Gal"/>
  <testcase name="Retrieve_Total_charges_Frt_Per_Gallon_Values_From_TandC" time="1.509" classname="VF_Quote_Creation_And_Response.FTL_Quote_Seller_Response_Ranking_Basis_Per_Gal"/>
  <testcase name="Retrieve_$_Per_Period_Values_From_TandC" time="0.59" classname="VF_Quote_Creation_And_Response.FTL_Quote_Seller_Response_Ranking_Basis_Per_Gal"/>
  <testcase name="Retrieve_$_Per_Del_Values_From_TandC" time="0.489" classname="VF_Quote_Creation_And_Response.FTL_Quote_Seller_Response_Ranking_Basis_Per_Gal"/>
  <testcase name="Retrieve_$_Per_Gal_Values_From_TandC" time="1.466" classname="VF_Quote_Creation_And_Response.FTL_Quote_Seller_Response_Ranking_Basis_Per_Gal"/>
  <testcase name="Verify_Fuelsurcharge_And_Accessorial_Service_on_Workbench" time="5.347" classname="VF_Quote_Creation_And_Response.FTL_Quote_Seller_Response_Ranking_Basis_Per_Gal"/>
  <testcase name="Verify_Tolls_in_Workbench" time="0.201" classname="VF_Quote_Creation_And_Response.FTL_Quote_Seller_Response_Ranking_Basis_Per_Gal"/>
  <testcase name="Verify_Freight_Per_Gallon_Values_in_WorkBench" time="0.58" classname="VF_Quote_Creation_And_Response.FTL_Quote_Seller_Response_Ranking_Basis_Per_Gal"/>
  <testcase name="Verify_Total_Charges_Frt_$_Per_Gall_in_Workbench" time="0.551" classname="VF_Quote_Creation_And_Response.FTL_Quote_Seller_Response_Ranking_Basis_Per_Gal"/>
  <testcase name="Verify_$_Per_Period_Values_on_Workbench" time="0.688" classname="VF_Quote_Creation_And_Response.FTL_Quote_Seller_Response_Ranking_Basis_Per_Gal"/>
  <testcase name="Verify_$_Per_del_Values_on_Workbench" time="0.24" classname="VF_Quote_Creation_And_Response.FTL_Quote_Seller_Response_Ranking_Basis_Per_Gal"/>
  <testcase name="Verify_$_Per_Gal_Values_on_Workbench" time="0.229" classname="VF_Quote_Creation_And_Response.FTL_Quote_Seller_Response_Ranking_Basis_Per_Gal"/>
  <testcase name="check_Publish_To_Buyer_Calculator" time="2.522" classname="VF_Quote_Creation_And_Response.FTL_Quote_Seller_Response_Ranking_Basis_Per_Gal"/>
  <testcase name="Get_Values_from_Buyer_Calculator" time="1.697" classname="VF_Quote_Creation_And_Response.FTL_Quote_Seller_Response_Ranking_Basis_Per_Gal"/>
  <testcase name="Verify_finaltotal_and_RankingBasis_Values" time="11.369" classname="VF_Quote_Creation_And_Response.FTL_Quote_Seller_Response_Ranking_Basis_Per_Gal"/>
  <testcase name="Submit_response" time="8.42" classname="VF_Quote_Creation_And_Response.FTL_Quote_Seller_Response_Ranking_Basis_Per_Gal"/>
  <testcase name="verify_Submitted_quote_in_Active" time="27.883" classname="VF_Quote_Creation_And_Response.FTL_Quote_Seller_Response_Ranking_Basis_Per_Gal"/>
  <testcase name="Logout_seller" time="1.698" classname="VF_Quote_Creation_And_Response.FTL_Quote_Seller_Response_Ranking_Basis_Per_Gal"/>
</testsuite> <!-- Seller FTL Freight Only Quote Response for $/Gal -->
