<?xml version="1.0" encoding="UTF-8"?>
<!-- Generated by org.testng.reporters.JUnitXMLReporter -->
<testsuite hostname="KODECORP" ignored="0" name="Test2" tests="31" failures="0" timestamp="01 May 2020 15:42:41 GMT" time="153.781" errors="0">
  <testcase name="Open_Browser" time="11.104" classname="VF_Quote_Creation_And_Response.FTL_Quote_Seller_Response"/>
  <testcase name="Seller_Login" time="13.313" classname="VF_Quote_Creation_And_Response.FTL_Quote_Seller_Response"/>
  <testcase name="verify_Seller_login" time="0.635" classname="VF_Quote_Creation_And_Response.FTL_Quote_Seller_Response"/>
  <testcase name="Navigate_to_Review_Quote" time="8.731" classname="VF_Quote_Creation_And_Response.FTL_Quote_Seller_Response"/>
  <testcase name="Seller_New_Quote_Search" time="13.932" classname="VF_Quote_Creation_And_Response.FTL_Quote_Seller_Response"/>
  <testcase name="Verify_Quote_status_as_NEW" time="0.584" classname="VF_Quote_Creation_And_Response.FTL_Quote_Seller_Response"/>
  <testcase name="enter_tolls" time="6.567" classname="VF_Quote_Creation_And_Response.FTL_Quote_Seller_Response"/>
  <testcase name="Verify_Quote_status_as_HoldAsDraft" time="0.207" classname="VF_Quote_Creation_And_Response.FTL_Quote_Seller_Response"/>
  <testcase name="Enter_data_on_Freight_Per_Gallon" time="12.697" classname="VF_Quote_Creation_And_Response.FTL_Quote_Seller_Response"/>
  <testcase name="Enter_FuelSurcharge" time="2.197" classname="VF_Quote_Creation_And_Response.FTL_Quote_Seller_Response"/>
  <testcase name="save_response_tandc" time="4.84" classname="VF_Quote_Creation_And_Response.FTL_Quote_Seller_Response"/>
  <testcase name="Verify_Quote_status_as_ReadytoSubmit" time="0.138" classname="VF_Quote_Creation_And_Response.FTL_Quote_Seller_Response"/>
  <testcase name="verify_Tolls_data_on_tandc" time="13.592" classname="VF_Quote_Creation_And_Response.FTL_Quote_Seller_Response"/>
  <testcase name="Verify_Freight_Per_Gallon_Values_in_TandC" time="1.548" classname="VF_Quote_Creation_And_Response.FTL_Quote_Seller_Response"/>
  <testcase name="Retrieve_Total_charges_Frt_Per_Gallon_Values_From_TandC" time="1.527" classname="VF_Quote_Creation_And_Response.FTL_Quote_Seller_Response"/>
  <testcase name="Retrieve_$_Per_Period_Values_From_TandC" time="0.707" classname="VF_Quote_Creation_And_Response.FTL_Quote_Seller_Response"/>
  <testcase name="Retrieve_$_Per_Del_Values_From_TandC" time="0.633" classname="VF_Quote_Creation_And_Response.FTL_Quote_Seller_Response"/>
  <testcase name="Retrieve_$_Per_Gal_Values_From_TandC" time="1.039" classname="VF_Quote_Creation_And_Response.FTL_Quote_Seller_Response"/>
  <testcase name="Verify_Fuelsurcharge_And_Accessorial_Service_on_Workbench" time="5.32" classname="VF_Quote_Creation_And_Response.FTL_Quote_Seller_Response"/>
  <testcase name="Verify_Tolls_in_Workbench" time="0.564" classname="VF_Quote_Creation_And_Response.FTL_Quote_Seller_Response"/>
  <testcase name="Verify_Freight_Per_Gallon_Values_in_WorkBench" time="1.545" classname="VF_Quote_Creation_And_Response.FTL_Quote_Seller_Response"/>
  <testcase name="Verify_Total_Charges_Frt_$_Per_Gall" time="1.543" classname="VF_Quote_Creation_And_Response.FTL_Quote_Seller_Response"/>
  <testcase name="Verify_$_Per_Period_Values_on_Workbench" time="1.255" classname="VF_Quote_Creation_And_Response.FTL_Quote_Seller_Response"/>
  <testcase name="Verify_$_Per_del_Values_on_Workbench" time="0.653" classname="VF_Quote_Creation_And_Response.FTL_Quote_Seller_Response"/>
  <testcase name="Verify_$_Per_Gal_Values_on_Workbench" time="0.81" classname="VF_Quote_Creation_And_Response.FTL_Quote_Seller_Response"/>
  <testcase name="check_Publish_To_Buyer_Calculator" time="2.434" classname="VF_Quote_Creation_And_Response.FTL_Quote_Seller_Response"/>
  <testcase name="Get_Values_from_Buyer_Calculator" time="1.678" classname="VF_Quote_Creation_And_Response.FTL_Quote_Seller_Response"/>
  <testcase name="Verify_finaltotal_and_RankingBasis_Values" time="10.865" classname="VF_Quote_Creation_And_Response.FTL_Quote_Seller_Response"/>
  <testcase name="Submit_response" time="7.769" classname="VF_Quote_Creation_And_Response.FTL_Quote_Seller_Response"/>
  <testcase name="verify_Submitted_quote_in_Active" time="23.584" classname="VF_Quote_Creation_And_Response.FTL_Quote_Seller_Response"/>
  <testcase name="Logout_seller" time="1.729" classname="VF_Quote_Creation_And_Response.FTL_Quote_Seller_Response"/>
</testsuite> <!-- Test2 -->
