<?xml version="1.0" encoding="UTF-8"?>
<!-- Generated by org.testng.reporters.JUnitXMLReporter -->
<testsuite hostname="KODECORP" ignored="0" name="Test1" tests="8" failures="0" timestamp="01 May 2020 15:40:08 GMT" time="182.677" errors="0">
  <testcase name="Open_Browser" time="22.552" classname="VF_Quote_Creation_And_Response.FTL_Quote_Creation_Buyer"/>
  <testcase name="Buyer_Login" time="19.796" classname="VF_Quote_Creation_And_Response.FTL_Quote_Creation_Buyer"/>
  <testcase name="verify_buyer_login" time="0.806" classname="VF_Quote_Creation_And_Response.FTL_Quote_Creation_Buyer"/>
  <testcase name="Navigate_to_Create_Or_View_Page" time="5.26" classname="VF_Quote_Creation_And_Response.FTL_Quote_Creation_Buyer"/>
  <testcase name="Save_Quote_As_Draft" time="96.532" classname="VF_Quote_Creation_And_Response.FTL_Quote_Creation_Buyer"/>
  <testcase name="Quote_Save_And_Send" time="26.386" classname="VF_Quote_Creation_And_Response.FTL_Quote_Creation_Buyer"/>
  <testcase name="Verify_Save_And_Send_Quote_In_Active_Quotes" time="7.481" classname="VF_Quote_Creation_And_Response.FTL_Quote_Creation_Buyer"/>
  <testcase name="Veify_Buyer_Logout" time="3.822" classname="VF_Quote_Creation_And_Response.FTL_Quote_Creation_Buyer"/>
</testsuite> <!-- Test1 -->
